{"/Users/antcin/Desktop/gitDir/bank-tech-test/spec/accountSpec.js":{"path":"/Users/antcin/Desktop/gitDir/bank-tech-test/spec/accountSpec.js","s":{"1":1,"2":0,"3":0,"4":0,"5":0,"6":0,"7":0,"8":0,"9":0,"10":0,"11":0,"12":0,"13":0,"14":0,"15":0,"16":0,"17":0,"18":0,"19":0,"20":0,"21":0,"22":0,"23":0,"24":0,"25":0,"26":0,"27":0,"28":0,"29":0,"30":0,"31":0,"32":0},"b":{},"f":{"1":0,"2":0,"3":0,"4":0,"5":0,"6":0,"7":0,"8":0,"9":0,"10":0,"11":0,"12":0,"13":0,"14":0,"15":0,"16":0},"fnMap":{"1":{"name":"(anonymous_1)","line":3,"loc":{"start":{"line":3,"column":20},"end":{"line":3,"column":31}}},"2":{"name":"(anonymous_2)","line":5,"loc":{"start":{"line":5,"column":34},"end":{"line":5,"column":45}}},"3":{"name":"(anonymous_3)","line":9,"loc":{"start":{"line":9,"column":33},"end":{"line":9,"column":44}}},"4":{"name":"(anonymous_4)","line":13,"loc":{"start":{"line":13,"column":42},"end":{"line":13,"column":53}}},"5":{"name":"(anonymous_5)","line":15,"loc":{"start":{"line":15,"column":35},"end":{"line":15,"column":46}}},"6":{"name":"(anonymous_6)","line":20,"loc":{"start":{"line":20,"column":23},"end":{"line":20,"column":34}}},"7":{"name":"(anonymous_7)","line":22,"loc":{"start":{"line":22,"column":15},"end":{"line":22,"column":26}}},"8":{"name":"(anonymous_8)","line":26,"loc":{"start":{"line":26,"column":37},"end":{"line":26,"column":48}}},"9":{"name":"(anonymous_9)","line":31,"loc":{"start":{"line":31,"column":48},"end":{"line":31,"column":59}}},"10":{"name":"(anonymous_10)","line":37,"loc":{"start":{"line":37,"column":24},"end":{"line":37,"column":35}}},"11":{"name":"(anonymous_11)","line":39,"loc":{"start":{"line":39,"column":15},"end":{"line":39,"column":26}}},"12":{"name":"(anonymous_12)","line":43,"loc":{"start":{"line":43,"column":37},"end":{"line":43,"column":48}}},"13":{"name":"(anonymous_13)","line":48,"loc":{"start":{"line":48,"column":49},"end":{"line":48,"column":60}}},"14":{"name":"(anonymous_14)","line":54,"loc":{"start":{"line":54,"column":32},"end":{"line":54,"column":43}}},"15":{"name":"(anonymous_15)","line":56,"loc":{"start":{"line":56,"column":15},"end":{"line":56,"column":25}}},"16":{"name":"(anonymous_16)","line":60,"loc":{"start":{"line":60,"column":27},"end":{"line":60,"column":38}}}},"statementMap":{"1":{"start":{"line":3,"column":0},"end":{"line":65,"column":3}},"2":{"start":{"line":5,"column":2},"end":{"line":7,"column":5}},"3":{"start":{"line":6,"column":4},"end":{"line":6,"column":49}},"4":{"start":{"line":9,"column":2},"end":{"line":11,"column":4}},"5":{"start":{"line":10,"column":4},"end":{"line":10,"column":45}},"6":{"start":{"line":13,"column":2},"end":{"line":18,"column":5}},"7":{"start":{"line":15,"column":4},"end":{"line":17,"column":7}},"8":{"start":{"line":16,"column":6},"end":{"line":16,"column":41}},"9":{"start":{"line":20,"column":2},"end":{"line":35,"column":5}},"10":{"start":{"line":22,"column":4},"end":{"line":24,"column":7}},"11":{"start":{"line":23,"column":6},"end":{"line":23,"column":41}},"12":{"start":{"line":26,"column":4},"end":{"line":29,"column":7}},"13":{"start":{"line":27,"column":6},"end":{"line":27,"column":27}},"14":{"start":{"line":28,"column":6},"end":{"line":28,"column":43}},"15":{"start":{"line":31,"column":4},"end":{"line":34,"column":6}},"16":{"start":{"line":32,"column":6},"end":{"line":32,"column":27}},"17":{"start":{"line":33,"column":6},"end":{"line":33,"column":66}},"18":{"start":{"line":37,"column":2},"end":{"line":52,"column":5}},"19":{"start":{"line":39,"column":4},"end":{"line":41,"column":7}},"20":{"start":{"line":40,"column":6},"end":{"line":40,"column":40}},"21":{"start":{"line":43,"column":4},"end":{"line":46,"column":7}},"22":{"start":{"line":44,"column":6},"end":{"line":44,"column":26}},"23":{"start":{"line":45,"column":6},"end":{"line":45,"column":42}},"24":{"start":{"line":48,"column":4},"end":{"line":51,"column":7}},"25":{"start":{"line":49,"column":6},"end":{"line":49,"column":26}},"26":{"start":{"line":50,"column":6},"end":{"line":50,"column":66}},"27":{"start":{"line":54,"column":2},"end":{"line":64,"column":5}},"28":{"start":{"line":56,"column":4},"end":{"line":58,"column":7}},"29":{"start":{"line":57,"column":6},"end":{"line":57,"column":28}},"30":{"start":{"line":60,"column":4},"end":{"line":63,"column":7}},"31":{"start":{"line":61,"column":6},"end":{"line":61,"column":33}},"32":{"start":{"line":62,"column":6},"end":{"line":62,"column":45}}},"branchMap":{}}}